[01m[K/home/wuhao/town_ws/src/wu5/src/wu5.cpp:7:39:[m[K [01;35m[Kwarning: [m[Kcharacter constant too long for its type
    7 |     auto node = std::make_shared<Wu5>([01;35m[K'wuhao'[m[K);
      |                                       [01;35m[K^~~~~~~[m[K
In file included from [01m[K/usr/include/x86_64-linux-gnu/c++/9/bits/c++allocator.h:33[m[K,
                 from [01m[K/usr/include/c++/9/bits/allocator.h:46[m[K,
                 from [01m[K/usr/include/c++/9/memory:63[m[K,
                 from [01m[K/opt/ros/foxy/include/rclcpp/rclcpp.hpp:144[m[K,
                 from [01m[K/home/wuhao/town_ws/src/wu5/src/wu5.cpp:1[m[K:
/usr/include/c++/9/ext/new_allocator.h: In instantiation of ‘[01m[Kvoid __gnu_cxx::new_allocator<_Tp>::construct(_Up*, _Args&& ...) [with _Up = Wu5; _Args = {int}; _Tp = Wu5][m[K’:
[01m[K/usr/include/c++/9/bits/alloc_traits.h:483:4:[m[K   required from ‘[01m[Kstatic void std::allocator_traits<std::allocator<_Tp1> >::construct(std::allocator_traits<std::allocator<_Tp1> >::allocator_type&, _Up*, _Args&& ...) [with _Up = Wu5; _Args = {int}; _Tp = Wu5; std::allocator_traits<std::allocator<_Tp1> >::allocator_type = std::allocator<Wu5>][m[K’
[01m[K/usr/include/c++/9/bits/shared_ptr_base.h:548:39:[m[K   required from ‘[01m[Kstd::_Sp_counted_ptr_inplace<_Tp, _Alloc, _Lp>::_Sp_counted_ptr_inplace(_Alloc, _Args&& ...) [with _Args = {int}; _Tp = Wu5; _Alloc = std::allocator<Wu5>; __gnu_cxx::_Lock_policy _Lp = __gnu_cxx::_S_atomic][m[K’
[01m[K/usr/include/c++/9/bits/shared_ptr_base.h:679:16:[m[K   required from ‘[01m[Kstd::__shared_count<_Lp>::__shared_count(_Tp*&, std::_Sp_alloc_shared_tag<_Alloc>, _Args&& ...) [with _Tp = Wu5; _Alloc = std::allocator<Wu5>; _Args = {int}; __gnu_cxx::_Lock_policy _Lp = __gnu_cxx::_S_atomic][m[K’
[01m[K/usr/include/c++/9/bits/shared_ptr_base.h:1344:71:[m[K   required from ‘[01m[Kstd::__shared_ptr<_Tp, _Lp>::__shared_ptr(std::_Sp_alloc_shared_tag<_Tp>, _Args&& ...) [with _Alloc = std::allocator<Wu5>; _Args = {int}; _Tp = Wu5; __gnu_cxx::_Lock_policy _Lp = __gnu_cxx::_S_atomic][m[K’
[01m[K/usr/include/c++/9/bits/shared_ptr.h:359:59:[m[K   required from ‘[01m[Kstd::shared_ptr<_Tp>::shared_ptr(std::_Sp_alloc_shared_tag<_Tp>, _Args&& ...) [with _Alloc = std::allocator<Wu5>; _Args = {int}; _Tp = Wu5][m[K’
[01m[K/usr/include/c++/9/bits/shared_ptr.h:701:14:[m[K   required from ‘[01m[Kstd::shared_ptr<_Tp> std::allocate_shared(const _Alloc&, _Args&& ...) [with _Tp = Wu5; _Alloc = std::allocator<Wu5>; _Args = {int}][m[K’
[01m[K/usr/include/c++/9/bits/shared_ptr.h:717:39:[m[K   required from ‘[01m[Kstd::shared_ptr<_Tp> std::make_shared(_Args&& ...) [with _Tp = Wu5; _Args = {int}][m[K’
[01m[K/home/wuhao/town_ws/src/wu5/src/wu5.cpp:7:46:[m[K   required from here
[01m[K/usr/include/c++/9/ext/new_allocator.h:146:4:[m[K [01;31m[Kerror: [m[Kno matching function for call to ‘[01m[KWu5::Wu5(int)[m[K’
  146 |  { [01;31m[K::new((void *)__p) _Up(std::forward<_Args>(__args)...)[m[K; }
      |    [01;31m[K^~~~~~~~~~~~~~~~~~~~~~~~~~~~~~~~~~~~~~~~~~~~~~~~~~~~~~[m[K
In file included from [01m[K/home/wuhao/town_ws/src/wu5/src/wu5.cpp:2[m[K:
[01m[K/home/wuhao/town_ws/src/wu5/include/wu5/wu5.h:15:1:[m[K [01;36m[Knote: [m[Kcandidate: ‘[01m[KWu5::Wu5(std::string)[m[K’
   15 | [01;36m[KWu5[m[K::Wu5(string name):Node(name)
      | [01;36m[K^~~[m[K
[01m[K/home/wuhao/town_ws/src/wu5/include/wu5/wu5.h:15:17:[m[K [01;36m[Knote: [m[K  no known conversion for argument 1 from ‘[01m[Kint[m[K’ to ‘[01m[Kstd::string[m[K’ {aka ‘[01m[Kstd::__cxx11::basic_string<char>[m[K’}
   15 | Wu5::Wu5([01;36m[Kstring name[m[K):Node(name)
      |          [01;36m[K~~~~~~~^~~~[m[K
make[2]: *** [CMakeFiles/wu5_node.dir/build.make:63: CMakeFiles/wu5_node.dir/src/wu5.cpp.o] Error 1
make[1]: *** [CMakeFiles/Makefile2:78: CMakeFiles/wu5_node.dir/all] Error 2
make: *** [Makefile:141: all] Error 2
