running egg_info
writing ../../build/li4/li4.egg-info/PKG-INFO
writing dependency_links to ../../build/li4/li4.egg-info/dependency_links.txt
writing entry points to ../../build/li4/li4.egg-info/entry_points.txt
writing requirements to ../../build/li4/li4.egg-info/requires.txt
writing top-level names to ../../build/li4/li4.egg-info/top_level.txt
reading manifest file '../../build/li4/li4.egg-info/SOURCES.txt'
writing manifest file '../../build/li4/li4.egg-info/SOURCES.txt'
running build
running build_py
copying li4/li4.py -> /home/wuhao/town_ws/build/li4/build/lib/li4
running install
running install_lib
copying /home/wuhao/town_ws/build/li4/build/lib/li4/li4.py -> /home/wuhao/town_ws/install/li4/lib/python3.8/site-packages/li4
byte-compiling /home/wuhao/town_ws/install/li4/lib/python3.8/site-packages/li4/li4.py to li4.cpython-38.pyc
running install_data
running install_egg_info
removing '/home/wuhao/town_ws/install/li4/lib/python3.8/site-packages/li4-0.0.0-py3.8.egg-info' (and everything under it)
Copying ../../build/li4/li4.egg-info to /home/wuhao/town_ws/install/li4/lib/python3.8/site-packages/li4-0.0.0-py3.8.egg-info
running install_scripts
Installing li5 script to /home/wuhao/town_ws/install/li4/lib/li4
writing list of installed files to '/home/wuhao/town_ws/build/li4/install.log'
