[0.115s] DEBUG:colcon:Command line arguments: ['/usr/bin/colcon', 'build']
[0.115s] DEBUG:colcon:Parsed command line arguments: Namespace(allow_overriding=[], ament_cmake_args=None, base_paths=['.'], build_base='build', catkin_cmake_args=None, catkin_skip_building_tests=False, cmake_args=None, cmake_clean_cache=False, cmake_clean_first=False, cmake_force_configure=False, cmake_target=None, cmake_target_skip_unavailable=False, continue_on_error=False, event_handlers=None, executor='parallel', ignore_user_meta=False, install_base='install', log_base=None, log_level=None, main=<bound method BuildVerb.main of <colcon_core.verb.build.BuildVerb object at 0x7fa0cb795520>>, merge_install=False, metas=['./colcon.meta'], packages_above=None, packages_above_and_dependencies=None, packages_above_depth=None, packages_end=None, packages_ignore=None, packages_ignore_regex=None, packages_select=None, packages_select_build_failed=False, packages_select_by_dep=None, packages_select_regex=None, packages_select_test_failures=False, packages_skip=None, packages_skip_build_finished=False, packages_skip_by_dep=None, packages_skip_regex=None, packages_skip_test_passed=False, packages_skip_up_to=None, packages_start=None, packages_up_to=None, packages_up_to_regex=None, parallel_workers=16, paths=None, symlink_install=False, test_result_base=None, verb_extension=<colcon_core.verb.build.BuildVerb object at 0x7fa0cb795520>, verb_name='build', verb_parser=<colcon_defaults.argument_parser.defaults.DefaultArgumentsDecorator object at 0x7fa0cb795a60>)
[0.129s] Level 1:colcon.colcon_core.package_discovery:discover_packages(colcon_meta) check parameters
[0.129s] Level 1:colcon.colcon_core.package_discovery:discover_packages(recursive) check parameters
[0.129s] Level 1:colcon.colcon_core.package_discovery:discover_packages(ignore) check parameters
[0.129s] Level 1:colcon.colcon_core.package_discovery:discover_packages(path) check parameters
[0.129s] Level 1:colcon.colcon_core.package_discovery:discover_packages(colcon_meta) discover
[0.129s] Level 1:colcon.colcon_core.package_discovery:discover_packages(recursive) discover
[0.129s] INFO:colcon.colcon_core.package_discovery:Crawling recursively for packages in '/home/wuhao/town_ws'
[0.129s] Level 1:colcon.colcon_core.package_identification:_identify(.) by extensions ['ignore', 'ignore_ament_install']
[0.129s] Level 1:colcon.colcon_core.package_identification:_identify(.) by extension 'ignore'
[0.129s] Level 1:colcon.colcon_core.package_identification:_identify(.) by extension 'ignore_ament_install'
[0.129s] Level 1:colcon.colcon_core.package_identification:_identify(.) by extensions ['colcon_pkg']
[0.129s] Level 1:colcon.colcon_core.package_identification:_identify(.) by extension 'colcon_pkg'
[0.129s] Level 1:colcon.colcon_core.package_identification:_identify(.) by extensions ['colcon_meta']
[0.129s] Level 1:colcon.colcon_core.package_identification:_identify(.) by extension 'colcon_meta'
[0.129s] Level 1:colcon.colcon_core.package_identification:_identify(.) by extensions ['ros']
[0.129s] Level 1:colcon.colcon_core.package_identification:_identify(.) by extension 'ros'
[0.135s] Level 1:colcon.colcon_core.package_identification:_identify(.) by extensions ['cmake', 'python']
[0.135s] Level 1:colcon.colcon_core.package_identification:_identify(.) by extension 'cmake'
[0.135s] Level 1:colcon.colcon_core.package_identification:_identify(.) by extension 'python'
[0.135s] Level 1:colcon.colcon_core.package_identification:_identify(.) by extensions ['python_setup_py']
[0.135s] Level 1:colcon.colcon_core.package_identification:_identify(.) by extension 'python_setup_py'
[0.135s] Level 1:colcon.colcon_core.package_identification:_identify(build) by extensions ['ignore', 'ignore_ament_install']
[0.135s] Level 1:colcon.colcon_core.package_identification:_identify(build) by extension 'ignore'
[0.136s] Level 1:colcon.colcon_core.package_identification:_identify(build) ignored
[0.136s] Level 1:colcon.colcon_core.package_identification:_identify(install) by extensions ['ignore', 'ignore_ament_install']
[0.136s] Level 1:colcon.colcon_core.package_identification:_identify(install) by extension 'ignore'
[0.136s] Level 1:colcon.colcon_core.package_identification:_identify(install) ignored
[0.136s] Level 1:colcon.colcon_core.package_identification:_identify(log) by extensions ['ignore', 'ignore_ament_install']
[0.136s] Level 1:colcon.colcon_core.package_identification:_identify(log) by extension 'ignore'
[0.136s] Level 1:colcon.colcon_core.package_identification:_identify(log) ignored
[0.136s] Level 1:colcon.colcon_core.package_identification:_identify(src) by extensions ['ignore', 'ignore_ament_install']
[0.136s] Level 1:colcon.colcon_core.package_identification:_identify(src) by extension 'ignore'
[0.136s] Level 1:colcon.colcon_core.package_identification:_identify(src) by extension 'ignore_ament_install'
[0.136s] Level 1:colcon.colcon_core.package_identification:_identify(src) by extensions ['colcon_pkg']
[0.136s] Level 1:colcon.colcon_core.package_identification:_identify(src) by extension 'colcon_pkg'
[0.136s] Level 1:colcon.colcon_core.package_identification:_identify(src) by extensions ['colcon_meta']
[0.136s] Level 1:colcon.colcon_core.package_identification:_identify(src) by extension 'colcon_meta'
[0.136s] Level 1:colcon.colcon_core.package_identification:_identify(src) by extensions ['ros']
[0.136s] Level 1:colcon.colcon_core.package_identification:_identify(src) by extension 'ros'
[0.136s] Level 1:colcon.colcon_core.package_identification:_identify(src) by extensions ['cmake', 'python']
[0.136s] Level 1:colcon.colcon_core.package_identification:_identify(src) by extension 'cmake'
[0.136s] Level 1:colcon.colcon_core.package_identification:_identify(src) by extension 'python'
[0.136s] Level 1:colcon.colcon_core.package_identification:_identify(src) by extensions ['python_setup_py']
[0.137s] Level 1:colcon.colcon_core.package_identification:_identify(src) by extension 'python_setup_py'
[0.137s] Level 1:colcon.colcon_core.package_identification:_identify(src/li4) by extensions ['ignore', 'ignore_ament_install']
[0.137s] Level 1:colcon.colcon_core.package_identification:_identify(src/li4) by extension 'ignore'
[0.137s] Level 1:colcon.colcon_core.package_identification:_identify(src/li4) by extension 'ignore_ament_install'
[0.137s] Level 1:colcon.colcon_core.package_identification:_identify(src/li4) by extensions ['colcon_pkg']
[0.137s] Level 1:colcon.colcon_core.package_identification:_identify(src/li4) by extension 'colcon_pkg'
[0.137s] Level 1:colcon.colcon_core.package_identification:_identify(src/li4) by extensions ['colcon_meta']
[0.137s] Level 1:colcon.colcon_core.package_identification:_identify(src/li4) by extension 'colcon_meta'
[0.137s] Level 1:colcon.colcon_core.package_identification:_identify(src/li4) by extensions ['ros']
[0.137s] Level 1:colcon.colcon_core.package_identification:_identify(src/li4) by extension 'ros'
[0.138s] DEBUG:colcon.colcon_core.package_identification:Package 'src/li4' with type 'ros.ament_python' and name 'li4'
[0.138s] Level 1:colcon.colcon_core.package_identification:_identify(src/wu5) by extensions ['ignore', 'ignore_ament_install']
[0.139s] Level 1:colcon.colcon_core.package_identification:_identify(src/wu5) by extension 'ignore'
[0.139s] Level 1:colcon.colcon_core.package_identification:_identify(src/wu5) by extension 'ignore_ament_install'
[0.139s] Level 1:colcon.colcon_core.package_identification:_identify(src/wu5) by extensions ['colcon_pkg']
[0.139s] Level 1:colcon.colcon_core.package_identification:_identify(src/wu5) by extension 'colcon_pkg'
[0.139s] Level 1:colcon.colcon_core.package_identification:_identify(src/wu5) by extensions ['colcon_meta']
[0.139s] Level 1:colcon.colcon_core.package_identification:_identify(src/wu5) by extension 'colcon_meta'
[0.139s] Level 1:colcon.colcon_core.package_identification:_identify(src/wu5) by extensions ['ros']
[0.139s] Level 1:colcon.colcon_core.package_identification:_identify(src/wu5) by extension 'ros'
[0.139s] DEBUG:colcon.colcon_core.package_identification:Package 'src/wu5' with type 'ros.ament_cmake' and name 'wu5'
[0.139s] Level 1:colcon.colcon_core.package_discovery:discover_packages(recursive) using defaults
[0.139s] Level 1:colcon.colcon_core.package_discovery:discover_packages(ignore) discover
[0.139s] Level 1:colcon.colcon_core.package_discovery:discover_packages(ignore) using defaults
[0.139s] Level 1:colcon.colcon_core.package_discovery:discover_packages(path) discover
[0.139s] Level 1:colcon.colcon_core.package_discovery:discover_packages(path) using defaults
[0.155s] Level 1:colcon.colcon_core.package_discovery:discover_packages(prefix_path) check parameters
[0.155s] Level 1:colcon.colcon_core.package_discovery:discover_packages(prefix_path) discover
[0.157s] DEBUG:colcon.colcon_installed_package_information.package_discovery:Found 2 installed packages in /home/wuhao/town_ws/install
[0.158s] DEBUG:colcon.colcon_installed_package_information.package_discovery:Found 263 installed packages in /opt/ros/foxy
[0.159s] Level 1:colcon.colcon_core.package_discovery:discover_packages(prefix_path) using defaults
[0.198s] Level 5:colcon.colcon_core.verb:set package 'li4' build argument 'cmake_args' from command line to 'None'
[0.198s] Level 5:colcon.colcon_core.verb:set package 'li4' build argument 'cmake_target' from command line to 'None'
[0.198s] Level 5:colcon.colcon_core.verb:set package 'li4' build argument 'cmake_target_skip_unavailable' from command line to 'False'
[0.198s] Level 5:colcon.colcon_core.verb:set package 'li4' build argument 'cmake_clean_cache' from command line to 'False'
[0.198s] Level 5:colcon.colcon_core.verb:set package 'li4' build argument 'cmake_clean_first' from command line to 'False'
[0.198s] Level 5:colcon.colcon_core.verb:set package 'li4' build argument 'cmake_force_configure' from command line to 'False'
[0.198s] Level 5:colcon.colcon_core.verb:set package 'li4' build argument 'ament_cmake_args' from command line to 'None'
[0.198s] Level 5:colcon.colcon_core.verb:set package 'li4' build argument 'catkin_cmake_args' from command line to 'None'
[0.199s] Level 5:colcon.colcon_core.verb:set package 'li4' build argument 'catkin_skip_building_tests' from command line to 'False'
[0.199s] DEBUG:colcon.colcon_core.verb:Building package 'li4' with the following arguments: {'ament_cmake_args': None, 'build_base': '/home/wuhao/town_ws/build/li4', 'catkin_cmake_args': None, 'catkin_skip_building_tests': False, 'cmake_args': None, 'cmake_clean_cache': False, 'cmake_clean_first': False, 'cmake_force_configure': False, 'cmake_target': None, 'cmake_target_skip_unavailable': False, 'install_base': '/home/wuhao/town_ws/install/li4', 'merge_install': False, 'path': '/home/wuhao/town_ws/src/li4', 'symlink_install': False, 'test_result_base': None}
[0.199s] Level 5:colcon.colcon_core.verb:set package 'wu5' build argument 'cmake_args' from command line to 'None'
[0.199s] Level 5:colcon.colcon_core.verb:set package 'wu5' build argument 'cmake_target' from command line to 'None'
[0.199s] Level 5:colcon.colcon_core.verb:set package 'wu5' build argument 'cmake_target_skip_unavailable' from command line to 'False'
[0.199s] Level 5:colcon.colcon_core.verb:set package 'wu5' build argument 'cmake_clean_cache' from command line to 'False'
[0.199s] Level 5:colcon.colcon_core.verb:set package 'wu5' build argument 'cmake_clean_first' from command line to 'False'
[0.199s] Level 5:colcon.colcon_core.verb:set package 'wu5' build argument 'cmake_force_configure' from command line to 'False'
[0.199s] Level 5:colcon.colcon_core.verb:set package 'wu5' build argument 'ament_cmake_args' from command line to 'None'
[0.199s] Level 5:colcon.colcon_core.verb:set package 'wu5' build argument 'catkin_cmake_args' from command line to 'None'
[0.199s] Level 5:colcon.colcon_core.verb:set package 'wu5' build argument 'catkin_skip_building_tests' from command line to 'False'
[0.199s] DEBUG:colcon.colcon_core.verb:Building package 'wu5' with the following arguments: {'ament_cmake_args': None, 'build_base': '/home/wuhao/town_ws/build/wu5', 'catkin_cmake_args': None, 'catkin_skip_building_tests': False, 'cmake_args': None, 'cmake_clean_cache': False, 'cmake_clean_first': False, 'cmake_force_configure': False, 'cmake_target': None, 'cmake_target_skip_unavailable': False, 'install_base': '/home/wuhao/town_ws/install/wu5', 'merge_install': False, 'path': '/home/wuhao/town_ws/src/wu5', 'symlink_install': False, 'test_result_base': None}
[0.200s] INFO:colcon.colcon_core.executor:Executing jobs using 'parallel' executor
[0.202s] DEBUG:colcon.colcon_parallel_executor.executor.parallel:run_until_complete
[0.202s] INFO:colcon.colcon_ros.task.ament_python.build:Building ROS package in '/home/wuhao/town_ws/src/li4' with build type 'ament_python'
[0.203s] Level 1:colcon.colcon_core.shell:create_environment_hook('li4', 'ament_prefix_path')
[0.205s] INFO:colcon.colcon_core.plugin_system:Skipping extension 'colcon_core.shell.bat': Not used on non-Windows systems
[0.205s] INFO:colcon.colcon_core.shell:Creating environment hook '/home/wuhao/town_ws/install/li4/share/li4/hook/ament_prefix_path.ps1'
[0.206s] INFO:colcon.colcon_core.shell:Creating environment descriptor '/home/wuhao/town_ws/install/li4/share/li4/hook/ament_prefix_path.dsv'
[0.206s] INFO:colcon.colcon_core.shell:Creating environment hook '/home/wuhao/town_ws/install/li4/share/li4/hook/ament_prefix_path.sh'
[0.207s] INFO:colcon.colcon_core.shell:Skip shell extension 'powershell' for command environment: Not usable outside of PowerShell
[0.207s] DEBUG:colcon.colcon_core.shell:Skip shell extension 'dsv' for command environment
[0.210s] INFO:colcon.colcon_ros.task.ament_cmake.build:Building ROS package in '/home/wuhao/town_ws/src/wu5' with build type 'ament_cmake'
[0.211s] INFO:colcon.colcon_cmake.task.cmake.build:Building CMake package in '/home/wuhao/town_ws/src/wu5'
[0.212s] INFO:colcon.colcon_core.shell:Skip shell extension 'powershell' for command environment: Not usable outside of PowerShell
[0.212s] DEBUG:colcon.colcon_core.shell:Skip shell extension 'dsv' for command environment
[0.335s] INFO:colcon.colcon_core.task.python.build:Building Python package in '/home/wuhao/town_ws/src/li4'
[0.336s] INFO:colcon.colcon_core.shell:Skip shell extension 'powershell' for command environment: Not usable outside of PowerShell
[0.336s] DEBUG:colcon.colcon_core.shell:Skip shell extension 'dsv' for command environment
[0.344s] DEBUG:colcon.colcon_core.event_handler.log_command:Invoking command in '/home/wuhao/town_ws/build/wu5': CMAKE_PREFIX_PATH=${CMAKE_PREFIX_PATH}:/home/wuhao/town_ws/install/li4:/opt/ros/foxy /usr/bin/cmake --build /home/wuhao/town_ws/build/wu5 -- -j16 -l16
[0.551s] DEBUG:colcon.colcon_core.event_handler.log_command:Invoking command in '/home/wuhao/town_ws/src/li4': PYTHONPATH=/home/wuhao/town_ws/install/li4/lib/python3.8/site-packages:${PYTHONPATH} /usr/bin/python3 setup.py egg_info --egg-base ../../build/li4 build --build-base /home/wuhao/town_ws/build/li4/build install --prefix /home/wuhao/town_ws/install/li4 --record /home/wuhao/town_ws/build/li4/install.log --single-version-externally-managed
[0.729s] DEBUG:colcon.colcon_core.event_handler.log_command:Invoked command in '/home/wuhao/town_ws/src/li4' returned '0': PYTHONPATH=/home/wuhao/town_ws/install/li4/lib/python3.8/site-packages:${PYTHONPATH} /usr/bin/python3 setup.py egg_info --egg-base ../../build/li4 build --build-base /home/wuhao/town_ws/build/li4/build install --prefix /home/wuhao/town_ws/install/li4 --record /home/wuhao/town_ws/build/li4/install.log --single-version-externally-managed
[0.733s] Level 1:colcon.colcon_core.environment:checking '/home/wuhao/town_ws/install/li4' for CMake module files
[0.733s] Level 1:colcon.colcon_core.environment:checking '/home/wuhao/town_ws/install/li4' for CMake config files
[0.733s] Level 1:colcon.colcon_core.environment:checking '/home/wuhao/town_ws/install/li4/lib'
[0.733s] Level 1:colcon.colcon_core.environment:checking '/home/wuhao/town_ws/install/li4/bin'
[0.733s] Level 1:colcon.colcon_core.environment:checking '/home/wuhao/town_ws/install/li4/lib/pkgconfig/li4.pc'
[0.734s] Level 1:colcon.colcon_core.environment:checking '/home/wuhao/town_ws/install/li4/lib/python3.8/site-packages'
[0.734s] Level 1:colcon.colcon_core.shell:create_environment_hook('li4', 'pythonpath')
[0.734s] INFO:colcon.colcon_core.shell:Creating environment hook '/home/wuhao/town_ws/install/li4/share/li4/hook/pythonpath.ps1'
[0.735s] INFO:colcon.colcon_core.shell:Creating environment descriptor '/home/wuhao/town_ws/install/li4/share/li4/hook/pythonpath.dsv'
[0.735s] INFO:colcon.colcon_core.shell:Creating environment hook '/home/wuhao/town_ws/install/li4/share/li4/hook/pythonpath.sh'
[0.735s] Level 1:colcon.colcon_core.environment:checking '/home/wuhao/town_ws/install/li4/bin'
[0.735s] Level 1:colcon.colcon_core.environment:create_environment_scripts_only(li4)
[0.736s] INFO:colcon.colcon_core.shell:Creating package script '/home/wuhao/town_ws/install/li4/share/li4/package.ps1'
[0.737s] INFO:colcon.colcon_core.shell:Creating package descriptor '/home/wuhao/town_ws/install/li4/share/li4/package.dsv'
[0.737s] INFO:colcon.colcon_core.shell:Creating package script '/home/wuhao/town_ws/install/li4/share/li4/package.sh'
[0.737s] INFO:colcon.colcon_core.shell:Creating package script '/home/wuhao/town_ws/install/li4/share/li4/package.bash'
[0.738s] INFO:colcon.colcon_core.shell:Creating package script '/home/wuhao/town_ws/install/li4/share/li4/package.zsh'
[0.738s] Level 1:colcon.colcon_core.environment:create_file_with_runtime_dependencies(/home/wuhao/town_ws/install/li4/share/colcon-core/packages/li4)
[2.263s] DEBUG:colcon.colcon_core.event_handler.log_command:Invoked command in '/home/wuhao/town_ws/build/wu5' returned '2': CMAKE_PREFIX_PATH=${CMAKE_PREFIX_PATH}:/home/wuhao/town_ws/install/li4:/opt/ros/foxy /usr/bin/cmake --build /home/wuhao/town_ws/build/wu5 -- -j16 -l16
[2.274s] Level 1:colcon.colcon_core.environment:create_environment_scripts_only(wu5)
[2.275s] Level 1:colcon.colcon_core.environment:checking '/home/wuhao/town_ws/install/wu5' for CMake module files
[2.275s] Level 1:colcon.colcon_core.environment:checking '/home/wuhao/town_ws/install/wu5' for CMake config files
[2.275s] Level 1:colcon.colcon_core.shell:create_environment_hook('wu5', 'cmake_prefix_path')
[2.276s] INFO:colcon.colcon_core.shell:Creating environment hook '/home/wuhao/town_ws/install/wu5/share/wu5/hook/cmake_prefix_path.ps1'
[2.276s] INFO:colcon.colcon_core.shell:Creating environment descriptor '/home/wuhao/town_ws/install/wu5/share/wu5/hook/cmake_prefix_path.dsv'
[2.277s] INFO:colcon.colcon_core.shell:Creating environment hook '/home/wuhao/town_ws/install/wu5/share/wu5/hook/cmake_prefix_path.sh'
[2.277s] Level 1:colcon.colcon_core.environment:checking '/home/wuhao/town_ws/install/wu5/lib'
[2.277s] Level 1:colcon.colcon_core.environment:checking '/home/wuhao/town_ws/install/wu5/bin'
[2.277s] Level 1:colcon.colcon_core.environment:checking '/home/wuhao/town_ws/install/wu5/lib/pkgconfig/wu5.pc'
[2.277s] Level 1:colcon.colcon_core.environment:checking '/home/wuhao/town_ws/install/wu5/lib/python3.8/site-packages'
[2.277s] Level 1:colcon.colcon_core.environment:checking '/home/wuhao/town_ws/install/wu5/bin'
[2.278s] INFO:colcon.colcon_core.shell:Creating package script '/home/wuhao/town_ws/install/wu5/share/wu5/package.ps1'
[2.278s] INFO:colcon.colcon_core.shell:Creating package descriptor '/home/wuhao/town_ws/install/wu5/share/wu5/package.dsv'
[2.279s] INFO:colcon.colcon_core.shell:Creating package script '/home/wuhao/town_ws/install/wu5/share/wu5/package.sh'
[2.279s] INFO:colcon.colcon_core.shell:Creating package script '/home/wuhao/town_ws/install/wu5/share/wu5/package.bash'
[2.279s] INFO:colcon.colcon_core.shell:Creating package script '/home/wuhao/town_ws/install/wu5/share/wu5/package.zsh'
[2.280s] Level 1:colcon.colcon_core.environment:create_file_with_runtime_dependencies(/home/wuhao/town_ws/install/wu5/share/colcon-core/packages/wu5)
[2.290s] DEBUG:colcon.colcon_parallel_executor.executor.parallel:closing loop
[2.290s] DEBUG:colcon.colcon_parallel_executor.executor.parallel:loop closed
[2.290s] DEBUG:colcon.colcon_parallel_executor.executor.parallel:run_until_complete finished with '2'
[2.290s] DEBUG:colcon.colcon_core.event_reactor:joining thread
[2.311s] INFO:colcon.colcon_core.plugin_system:Skipping extension 'colcon_notification.desktop_notification.notify_send': Could not find 'notify-send'
[2.311s] INFO:colcon.colcon_core.plugin_system:Skipping extension 'colcon_notification.desktop_notification.terminal_notifier': Not used on non-Darwin systems
[2.311s] INFO:colcon.colcon_core.plugin_system:Skipping extension 'colcon_notification.desktop_notification.win32': Not used on non-Windows systems
[2.312s] INFO:colcon.colcon_notification.desktop_notification:Sending desktop notification using 'notify2'
[132.610s] DEBUG:colcon.colcon_notification.desktop_notification.notify2:Failed to initialize notify2: org.freedesktop.DBus.Error.Spawn.ExecFailed: /usr/bin/dbus-launch terminated abnormally with the following error: Autolaunch error: X11 initialization failed.

[132.611s] DEBUG:colcon.colcon_core.event_reactor:joined thread
[132.612s] INFO:colcon.colcon_core.shell:Creating prefix script '/home/wuhao/town_ws/install/local_setup.ps1'
[132.613s] INFO:colcon.colcon_core.shell:Creating prefix util module '/home/wuhao/town_ws/install/_local_setup_util_ps1.py'
[132.614s] INFO:colcon.colcon_core.shell:Creating prefix chain script '/home/wuhao/town_ws/install/setup.ps1'
[132.615s] INFO:colcon.colcon_core.shell:Creating prefix script '/home/wuhao/town_ws/install/local_setup.sh'
[132.615s] INFO:colcon.colcon_core.shell:Creating prefix util module '/home/wuhao/town_ws/install/_local_setup_util_sh.py'
[132.616s] INFO:colcon.colcon_core.shell:Creating prefix chain script '/home/wuhao/town_ws/install/setup.sh'
[132.617s] INFO:colcon.colcon_core.shell:Creating prefix script '/home/wuhao/town_ws/install/local_setup.bash'
[132.618s] INFO:colcon.colcon_core.shell:Creating prefix chain script '/home/wuhao/town_ws/install/setup.bash'
[132.618s] INFO:colcon.colcon_core.shell:Creating prefix script '/home/wuhao/town_ws/install/local_setup.zsh'
[132.619s] INFO:colcon.colcon_core.shell:Creating prefix chain script '/home/wuhao/town_ws/install/setup.zsh'
