[0.131s] Invoking command in '/home/wuhao/town_ws/build/wu5': CMAKE_PREFIX_PATH=${CMAKE_PREFIX_PATH}:/home/wuhao/town_ws/install/li4:/opt/ros/foxy /usr/bin/cmake --build /home/wuhao/town_ws/build/wu5 -- -j16 -l16
[0.150s] [35m[1mScanning dependencies of target wu5_node[0m
[0.164s] [ 50%] [32mBuilding CXX object CMakeFiles/wu5_node.dir/src/wu5.cpp.o[0m
[3.520s] [100%] [32m[1mLinking CXX executable wu5_node[0m
[3.683s] [100%] Built target wu5_node
[3.689s] Invoked command in '/home/wuhao/town_ws/build/wu5' returned '0': CMAKE_PREFIX_PATH=${CMAKE_PREFIX_PATH}:/home/wuhao/town_ws/install/li4:/opt/ros/foxy /usr/bin/cmake --build /home/wuhao/town_ws/build/wu5 -- -j16 -l16
[3.705s] Invoking command in '/home/wuhao/town_ws/build/wu5': CMAKE_PREFIX_PATH=${CMAKE_PREFIX_PATH}:/home/wuhao/town_ws/install/li4:/opt/ros/foxy /usr/bin/cmake --install /home/wuhao/town_ws/build/wu5
[3.709s] -- Install configuration: ""
[3.709s] -- Up-to-date: /home/wuhao/town_ws/install/wu5/share/ament_index/resource_index/package_run_dependencies/wu5
[3.709s] -- Up-to-date: /home/wuhao/town_ws/install/wu5/share/ament_index/resource_index/parent_prefix_path/wu5
[3.710s] -- Up-to-date: /home/wuhao/town_ws/install/wu5/share/wu5/environment/ament_prefix_path.sh
[3.710s] -- Up-to-date: /home/wuhao/town_ws/install/wu5/share/wu5/environment/ament_prefix_path.dsv
[3.710s] -- Up-to-date: /home/wuhao/town_ws/install/wu5/share/wu5/environment/path.sh
[3.710s] -- Up-to-date: /home/wuhao/town_ws/install/wu5/share/wu5/environment/path.dsv
[3.710s] -- Up-to-date: /home/wuhao/town_ws/install/wu5/share/wu5/local_setup.bash
[3.710s] -- Up-to-date: /home/wuhao/town_ws/install/wu5/share/wu5/local_setup.sh
[3.710s] -- Up-to-date: /home/wuhao/town_ws/install/wu5/share/wu5/local_setup.zsh
[3.710s] -- Up-to-date: /home/wuhao/town_ws/install/wu5/share/wu5/local_setup.dsv
[3.710s] -- Installing: /home/wuhao/town_ws/install/wu5/share/wu5/package.dsv
[3.710s] -- Up-to-date: /home/wuhao/town_ws/install/wu5/share/ament_index/resource_index/packages/wu5
[3.710s] -- Up-to-date: /home/wuhao/town_ws/install/wu5/share/wu5/cmake/wu5Config.cmake
[3.710s] -- Up-to-date: /home/wuhao/town_ws/install/wu5/share/wu5/cmake/wu5Config-version.cmake
[3.710s] -- Up-to-date: /home/wuhao/town_ws/install/wu5/share/wu5/package.xml
[3.710s] -- Installing: /home/wuhao/town_ws/install/wu5/lib/wu5/wu5_node
[3.711s] -- Set runtime path of "/home/wuhao/town_ws/install/wu5/lib/wu5/wu5_node" to ""
[3.714s] Invoked command in '/home/wuhao/town_ws/build/wu5' returned '0': CMAKE_PREFIX_PATH=${CMAKE_PREFIX_PATH}:/home/wuhao/town_ws/install/li4:/opt/ros/foxy /usr/bin/cmake --install /home/wuhao/town_ws/build/wu5
