[35m[1mScanning dependencies of target wu5_node[0m
[ 50%] [32mBuilding CXX object CMakeFiles/wu5_node.dir/src/wu5.cpp.o[0m
In file included from [01m[K/home/wuhao/town_ws/src/wu5/src/wu5.cpp:2[m[K:
[01m[K/home/wuhao/town_ws/src/wu5/include/wu5/wu5.h:16:25:[m[K [01;31m[Kerror: [m[Kexpected identifier before numeric constant
   16 |     chrono::seconds sec([01;31m[K2[m[K);
      |                         [01;31m[K^[m[K
[01m[K/home/wuhao/town_ws/src/wu5/include/wu5/wu5.h:16:25:[m[K [01;31m[Kerror: [m[Kexpected ‘[01m[K,[m[K’ or ‘[01m[K...[m[K’ before numeric constant
In file included from [01m[K/opt/ros/foxy/include/rclcpp/client.hpp:40[m[K,
                 from [01m[K/opt/ros/foxy/include/rclcpp/callback_group.hpp:23[m[K,
                 from [01m[K/opt/ros/foxy/include/rclcpp/any_executable.hpp:20[m[K,
                 from [01m[K/opt/ros/foxy/include/rclcpp/memory_strategy.hpp:24[m[K,
                 from [01m[K/opt/ros/foxy/include/rclcpp/memory_strategies.hpp:18[m[K,
                 from [01m[K/opt/ros/foxy/include/rclcpp/executor_options.hpp:20[m[K,
                 from [01m[K/opt/ros/foxy/include/rclcpp/executor.hpp:33[m[K,
                 from [01m[K/opt/ros/foxy/include/rclcpp/executors/multi_threaded_executor.hpp:26[m[K,
                 from [01m[K/opt/ros/foxy/include/rclcpp/executors.hpp:21[m[K,
                 from [01m[K/opt/ros/foxy/include/rclcpp/rclcpp.hpp:146[m[K,
                 from [01m[K/home/wuhao/town_ws/src/wu5/src/wu5.cpp:1[m[K:
[01m[K/home/wuhao/town_ws/src/wu5/include/wu5/wu5.h:[m[K In member function ‘[01m[Kvoid Wu5::pub_want_more_callback()[m[K’:
[01m[K/home/wuhao/town_ws/src/wu5/include/wu5/wu5.h:26:64:[m[K [01;31m[Kerror: [m[K‘[01m[Knovels[m[K’ was not declared in this scope
   26 |         RCLCPP_INFO(this->get_logger(),"start to ask for more",[01;31m[Knovels[m[K->data);
      |                                                                [01;31m[K^~~~~~[m[K
In file included from [01m[K/home/wuhao/town_ws/src/wu5/src/wu5.cpp:2[m[K:
[01m[K/home/wuhao/town_ws/src/wu5/include/wu5/wu5.h:27:9:[m[K [01;31m[Kerror: [m[K‘[01m[Kmsg[m[K’ was not declared in this scope
   27 |         [01;31m[Kmsg[m[K = std_msgs::msg::String();
      |         [01;31m[K^~~[m[K
[01m[K/home/wuhao/town_ws/src/wu5/include/wu5/wu5.h:27:9:[m[K [01;36m[Knote: [m[Ksuggested alternatives:
In file included from [01m[K/opt/ros/foxy/include/builtin_interfaces/msg/duration.hpp:7[m[K,
                 from [01m[K/opt/ros/foxy/include/rclcpp/duration.hpp:20[m[K,
                 from [01m[K/opt/ros/foxy/include/rclcpp/qos.hpp:20[m[K,
                 from [01m[K/opt/ros/foxy/include/rclcpp/node_interfaces/node_graph_interface.hpp:31[m[K,
                 from [01m[K/opt/ros/foxy/include/rclcpp/client.hpp:34[m[K,
                 from [01m[K/opt/ros/foxy/include/rclcpp/callback_group.hpp:23[m[K,
                 from [01m[K/opt/ros/foxy/include/rclcpp/any_executable.hpp:20[m[K,
                 from [01m[K/opt/ros/foxy/include/rclcpp/memory_strategy.hpp:24[m[K,
                 from [01m[K/opt/ros/foxy/include/rclcpp/memory_strategies.hpp:18[m[K,
                 from [01m[K/opt/ros/foxy/include/rclcpp/executor_options.hpp:20[m[K,
                 from [01m[K/opt/ros/foxy/include/rclcpp/executor.hpp:33[m[K,
                 from [01m[K/opt/ros/foxy/include/rclcpp/executors/multi_threaded_executor.hpp:26[m[K,
                 from [01m[K/opt/ros/foxy/include/rclcpp/executors.hpp:21[m[K,
                 from [01m[K/opt/ros/foxy/include/rclcpp/rclcpp.hpp:146[m[K,
                 from [01m[K/home/wuhao/town_ws/src/wu5/src/wu5.cpp:1[m[K:
[01m[K/opt/ros/foxy/include/builtin_interfaces/msg/detail/duration__struct.hpp:26:11:[m[K [01;36m[Knote: [m[K  ‘[01m[Kbuiltin_interfaces::msg[m[K’
   26 | namespace [01;36m[Kmsg[m[K
      |           [01;36m[K^~~[m[K
In file included from [01m[K/opt/ros/foxy/include/statistics_msgs/msg/detail/metrics_message__struct.hpp:22[m[K,
                 from [01m[K/opt/ros/foxy/include/statistics_msgs/msg/metrics_message.hpp:7[m[K,
                 from [01m[K/opt/ros/foxy/include/libstatistics_collector/collector/generate_statistics_message.hpp:21[m[K,
                 from [01m[K/opt/ros/foxy/include/rclcpp/topic_statistics/subscription_topic_statistics.hpp:23[m[K,
                 from [01m[K/opt/ros/foxy/include/rclcpp/subscription.hpp:50[m[K,
                 from [01m[K/opt/ros/foxy/include/rclcpp/any_executable.hpp:25[m[K,
                 from [01m[K/opt/ros/foxy/include/rclcpp/memory_strategy.hpp:24[m[K,
                 from [01m[K/opt/ros/foxy/include/rclcpp/memory_strategies.hpp:18[m[K,
                 from [01m[K/opt/ros/foxy/include/rclcpp/executor_options.hpp:20[m[K,
                 from [01m[K/opt/ros/foxy/include/rclcpp/executor.hpp:33[m[K,
                 from [01m[K/opt/ros/foxy/include/rclcpp/executors/multi_threaded_executor.hpp:26[m[K,
                 from [01m[K/opt/ros/foxy/include/rclcpp/executors.hpp:21[m[K,
                 from [01m[K/opt/ros/foxy/include/rclcpp/rclcpp.hpp:146[m[K,
                 from [01m[K/home/wuhao/town_ws/src/wu5/src/wu5.cpp:1[m[K:
[01m[K/opt/ros/foxy/include/statistics_msgs/msg/detail/statistic_data_point__struct.hpp:26:11:[m[K [01;36m[Knote: [m[K  ‘[01m[Kstatistics_msgs::msg[m[K’
   26 | namespace [01;36m[Kmsg[m[K
      |           [01;36m[K^~~[m[K
In file included from [01m[K/opt/ros/foxy/include/rcl_interfaces/msg/list_parameters_result.hpp:7[m[K,
                 from [01m[K/opt/ros/foxy/include/rclcpp/node.hpp:34[m[K,
                 from [01m[K/opt/ros/foxy/include/rclcpp/executors/single_threaded_executor.hpp:28[m[K,
                 from [01m[K/opt/ros/foxy/include/rclcpp/executors.hpp:22[m[K,
                 from [01m[K/opt/ros/foxy/include/rclcpp/rclcpp.hpp:146[m[K,
                 from [01m[K/home/wuhao/town_ws/src/wu5/src/wu5.cpp:1[m[K:
[01m[K/opt/ros/foxy/include/rcl_interfaces/msg/detail/list_parameters_result__struct.hpp:26:11:[m[K [01;36m[Knote: [m[K  ‘[01m[Krcl_interfaces::msg[m[K’
   26 | namespace [01;36m[Kmsg[m[K
      |           [01;36m[K^~~[m[K
In file included from [01m[K/opt/ros/foxy/include/std_msgs/msg/string.hpp:7[m[K,
                 from [01m[K/home/wuhao/town_ws/src/wu5/include/wu5/wu5.h:3[m[K,
                 from [01m[K/home/wuhao/town_ws/src/wu5/src/wu5.cpp:2[m[K:
[01m[K/opt/ros/foxy/include/std_msgs/msg/detail/string__struct.hpp:26:11:[m[K [01;36m[Knote: [m[K  ‘[01m[Kstd_msgs::msg[m[K’
   26 | namespace [01;36m[Kmsg[m[K
      |           [01;36m[K^~~[m[K
In file included from [01m[K/home/wuhao/town_ws/src/wu5/src/wu5.cpp:2[m[K:
[01m[K/home/wuhao/town_ws/src/wu5/include/wu5/wu5.h:[m[K In constructor ‘[01m[KWu5::Wu5(std::string)[m[K’:
[01m[K/home/wuhao/town_ws/src/wu5/include/wu5/wu5.h:46:5:[m[K [01;31m[Kerror: [m[K‘[01m[Kpub_want_more_timer[m[K’ was not declared in this scope; did you mean ‘[01m[Kpub_want_more[m[K’?
   46 |     [01;31m[Kpub_want_more_timer[m[K = this->create_wall_timer(sec,bind(&Wu5::pub_want_more_callback,this));
      |     [01;31m[K^~~~~~~~~~~~~~~~~~~[m[K
      |     [32m[Kpub_want_more[m[K
[01m[K/home/wuhao/town_ws/src/wu5/include/wu5/wu5.h:46:51:[m[K [01;31m[Kerror: [m[Kinvalid use of non-static member function ‘[01m[Kstd::chrono::seconds Wu5::sec(int)[m[K’
   46 |     pub_want_more_timer = this->create_wall_timer([01;31m[Ksec[m[K,bind(&Wu5::pub_want_more_callback,this));
      |                                                   [01;31m[K^~~[m[K
In file included from [01m[K/home/wuhao/town_ws/src/wu5/src/wu5.cpp:2[m[K:
[01m[K/home/wuhao/town_ws/src/wu5/include/wu5/wu5.h:16:21:[m[K [01;36m[Knote: [m[Kdeclared here
   16 |     chrono::seconds [01;36m[Ksec[m[K(2);
      |                     [01;36m[K^~~[m[K
make[2]: *** [CMakeFiles/wu5_node.dir/build.make:63: CMakeFiles/wu5_node.dir/src/wu5.cpp.o] Error 1
make[1]: *** [CMakeFiles/Makefile2:78: CMakeFiles/wu5_node.dir/all] Error 2
make: *** [Makefile:141: all] Error 2
