-- Found ament_cmake: 0.9.11 (/opt/ros/foxy/share/ament_cmake/cmake)
-- Using PYTHON_EXECUTABLE: /usr/bin/python3
-- Found rclcpp: 2.4.2 (/opt/ros/foxy/share/rclcpp/cmake)
-- Using all available rosidl_typesupport_c: rosidl_typesupport_fastrtps_c;rosidl_typesupport_introspection_c
-- Found rosidl_adapter: 1.3.0 (/opt/ros/foxy/share/rosidl_adapter/cmake)
-- Using all available rosidl_typesupport_cpp: rosidl_typesupport_fastrtps_cpp;rosidl_typesupport_introspection_cpp
-- Found rmw_implementation_cmake: 1.0.3 (/opt/ros/foxy/share/rmw_implementation_cmake/cmake)
-- Using RMW implementation 'rmw_fastrtps_cpp' as default
-- Found ament_lint_auto: 0.9.7 (/opt/ros/foxy/share/ament_lint_auto/cmake)
-- Added test 'copyright' to check source files copyright and LICENSE
-- Added test 'cppcheck' to perform static code analysis on C / C++ code
-- Configured cppcheck include dirs: 
-- Configured cppcheck exclude dirs and/or files: 
-- Added test 'cpplint' to check C / C++ code against the Google style
-- Configured cpplint exclude dirs and/or files: 
-- Added test 'lint_cmake' to check CMake code style
-- Added test 'uncrustify' to check C / C++ code style
-- Configured uncrustify additional arguments: 
-- Added test 'xmllint' to check XML markup files
-- Configuring done
-- Generating done
-- Build files have been written to: /home/wuhao/town_ws/build/wu5
[35m[1mScanning dependencies of target wu5_node[0m
[ 50%] [32mBuilding CXX object CMakeFiles/wu5_node.dir/src/wu5.cpp.o[0m
[01m[K/home/wuhao/town_ws/src/wu5/src/wu5.cpp:2:10:[m[K [01;31m[Kfatal error: [m[Kwu5.h: No such file or directory
    2 | #include [01;31m[K"wu5.h"[m[K
      |          [01;31m[K^~~~~~~[m[K
compilation terminated.
make[2]: *** [CMakeFiles/wu5_node.dir/build.make:63: CMakeFiles/wu5_node.dir/src/wu5.cpp.o] Error 1
make[1]: *** [CMakeFiles/Makefile2:78: CMakeFiles/wu5_node.dir/all] Error 2
make: *** [Makefile:141: all] Error 2
