[0.127s] Invoking command in '/home/wuhao/town_ws/build/wu5': CMAKE_PREFIX_PATH=/opt/ros/foxy /usr/bin/cmake /home/wuhao/town_ws/src/wu5 -DCMAKE_INSTALL_PREFIX=/home/wuhao/town_ws/install/wu5
[0.237s] -- The C compiler identification is GNU 9.4.0
[0.371s] -- The CXX compiler identification is GNU 9.4.0
[0.434s] -- Check for working C compiler: /usr/bin/cc
[0.510s] -- Check for working C compiler: /usr/bin/cc -- works
[0.511s] -- Detecting C compiler ABI info
[0.575s] -- Detecting C compiler ABI info - done
[0.582s] -- Detecting C compile features
[0.582s] -- Detecting C compile features - done
[0.585s] -- Check for working CXX compiler: /usr/bin/c++
[0.655s] -- Check for working CXX compiler: /usr/bin/c++ -- works
[0.655s] -- Detecting CXX compiler ABI info
[0.733s] -- Detecting CXX compiler ABI info - done
[0.739s] -- Detecting CXX compile features
[0.739s] -- Detecting CXX compile features - done
[0.741s] -- Found ament_cmake: 0.9.11 (/opt/ros/foxy/share/ament_cmake/cmake)
[0.758s] -- Found PythonInterp: /usr/bin/python3 (found suitable version "3.8.10", minimum required is "3") 
[0.758s] -- Using PYTHON_EXECUTABLE: /usr/bin/python3
[0.875s] -- Found rclcpp: 2.4.2 (/opt/ros/foxy/share/rclcpp/cmake)
[0.964s] -- Using all available rosidl_typesupport_c: rosidl_typesupport_fastrtps_c;rosidl_typesupport_introspection_c
[0.969s] -- Found rosidl_adapter: 1.3.0 (/opt/ros/foxy/share/rosidl_adapter/cmake)
[1.372s] -- Found OpenSSL: /usr/lib/x86_64-linux-gnu/libcrypto.so (found version "1.1.1f")  
[1.791s] -- Found FastRTPS: /opt/ros/foxy/include  
[2.532s] -- Using all available rosidl_typesupport_cpp: rosidl_typesupport_fastrtps_cpp;rosidl_typesupport_introspection_cpp
[2.577s] -- Found rmw_implementation_cmake: 1.0.3 (/opt/ros/foxy/share/rmw_implementation_cmake/cmake)
[2.578s] -- Using RMW implementation 'rmw_fastrtps_cpp' as default
[2.580s] -- Looking for pthread.h
[2.649s] -- Looking for pthread.h - found
[2.649s] -- Performing Test CMAKE_HAVE_LIBC_PTHREAD
[2.713s] -- Performing Test CMAKE_HAVE_LIBC_PTHREAD - Failed
[2.713s] -- Looking for pthread_create in pthreads
[2.773s] -- Looking for pthread_create in pthreads - not found
[2.773s] -- Looking for pthread_create in pthread
[2.838s] -- Looking for pthread_create in pthread - found
[2.839s] -- Found Threads: TRUE  
[2.944s] -- Found ament_lint_auto: 0.9.7 (/opt/ros/foxy/share/ament_lint_auto/cmake)
[2.990s] -- Added test 'copyright' to check source files copyright and LICENSE
[2.990s] -- Added test 'cppcheck' to perform static code analysis on C / C++ code
[2.990s] -- Configured cppcheck include dirs: 
[2.991s] -- Configured cppcheck exclude dirs and/or files: 
[2.991s] -- Added test 'cpplint' to check C / C++ code against the Google style
[2.991s] -- Configured cpplint exclude dirs and/or files: 
[2.992s] -- Added test 'lint_cmake' to check CMake code style
[2.993s] -- Added test 'uncrustify' to check C / C++ code style
[2.993s] -- Configured uncrustify additional arguments: 
[2.993s] -- Added test 'xmllint' to check XML markup files
[2.995s] -- Configuring done
[2.997s] -- Generating done
[2.997s] -- Build files have been written to: /home/wuhao/town_ws/build/wu5
[3.003s] Invoked command in '/home/wuhao/town_ws/build/wu5' returned '0': CMAKE_PREFIX_PATH=/opt/ros/foxy /usr/bin/cmake /home/wuhao/town_ws/src/wu5 -DCMAKE_INSTALL_PREFIX=/home/wuhao/town_ws/install/wu5
[3.005s] Invoking command in '/home/wuhao/town_ws/build/wu5': CMAKE_PREFIX_PATH=/opt/ros/foxy /usr/bin/cmake --build /home/wuhao/town_ws/build/wu5 -- -j16 -l16
[3.023s] Invoked command in '/home/wuhao/town_ws/build/wu5' returned '0': CMAKE_PREFIX_PATH=/opt/ros/foxy /usr/bin/cmake --build /home/wuhao/town_ws/build/wu5 -- -j16 -l16
[3.038s] Invoking command in '/home/wuhao/town_ws/build/wu5': CMAKE_PREFIX_PATH=/opt/ros/foxy /usr/bin/cmake --install /home/wuhao/town_ws/build/wu5
[3.041s] -- Install configuration: ""
[3.041s] -- Installing: /home/wuhao/town_ws/install/wu5/share/ament_index/resource_index/package_run_dependencies/wu5
[3.041s] -- Installing: /home/wuhao/town_ws/install/wu5/share/ament_index/resource_index/parent_prefix_path/wu5
[3.041s] -- Installing: /home/wuhao/town_ws/install/wu5/share/wu5/environment/ament_prefix_path.sh
[3.041s] -- Installing: /home/wuhao/town_ws/install/wu5/share/wu5/environment/ament_prefix_path.dsv
[3.042s] -- Installing: /home/wuhao/town_ws/install/wu5/share/wu5/environment/path.sh
[3.042s] -- Installing: /home/wuhao/town_ws/install/wu5/share/wu5/environment/path.dsv
[3.042s] -- Installing: /home/wuhao/town_ws/install/wu5/share/wu5/local_setup.bash
[3.042s] -- Installing: /home/wuhao/town_ws/install/wu5/share/wu5/local_setup.sh
[3.042s] -- Installing: /home/wuhao/town_ws/install/wu5/share/wu5/local_setup.zsh
[3.042s] -- Installing: /home/wuhao/town_ws/install/wu5/share/wu5/local_setup.dsv
[3.042s] -- Installing: /home/wuhao/town_ws/install/wu5/share/wu5/package.dsv
[3.042s] -- Installing: /home/wuhao/town_ws/install/wu5/share/ament_index/resource_index/packages/wu5
[3.042s] -- Installing: /home/wuhao/town_ws/install/wu5/share/wu5/cmake/wu5Config.cmake
[3.043s] -- Installing: /home/wuhao/town_ws/install/wu5/share/wu5/cmake/wu5Config-version.cmake
[3.043s] -- Installing: /home/wuhao/town_ws/install/wu5/share/wu5/package.xml
[3.045s] Invoked command in '/home/wuhao/town_ws/build/wu5' returned '0': CMAKE_PREFIX_PATH=/opt/ros/foxy /usr/bin/cmake --install /home/wuhao/town_ws/build/wu5
