[0.143s] DEBUG:colcon:Command line arguments: ['/usr/bin/colcon', 'build']
[0.144s] DEBUG:colcon:Parsed command line arguments: Namespace(allow_overriding=[], ament_cmake_args=None, base_paths=['.'], build_base='build', catkin_cmake_args=None, catkin_skip_building_tests=False, cmake_args=None, cmake_clean_cache=False, cmake_clean_first=False, cmake_force_configure=False, cmake_target=None, cmake_target_skip_unavailable=False, continue_on_error=False, event_handlers=None, executor='parallel', ignore_user_meta=False, install_base='install', log_base=None, log_level=None, main=<bound method BuildVerb.main of <colcon_core.verb.build.BuildVerb object at 0x7f5af921b1c0>>, merge_install=False, metas=['./colcon.meta'], packages_above=None, packages_above_and_dependencies=None, packages_above_depth=None, packages_end=None, packages_ignore=None, packages_ignore_regex=None, packages_select=None, packages_select_build_failed=False, packages_select_by_dep=None, packages_select_regex=None, packages_select_test_failures=False, packages_skip=None, packages_skip_build_finished=False, packages_skip_by_dep=None, packages_skip_regex=None, packages_skip_test_passed=False, packages_skip_up_to=None, packages_start=None, packages_up_to=None, packages_up_to_regex=None, parallel_workers=16, paths=None, symlink_install=False, test_result_base=None, verb_extension=<colcon_core.verb.build.BuildVerb object at 0x7f5af921b1c0>, verb_name='build', verb_parser=<colcon_defaults.argument_parser.defaults.DefaultArgumentsDecorator object at 0x7f5af921b700>)
[0.168s] Level 1:colcon.colcon_core.package_discovery:discover_packages(colcon_meta) check parameters
[0.168s] Level 1:colcon.colcon_core.package_discovery:discover_packages(recursive) check parameters
[0.168s] Level 1:colcon.colcon_core.package_discovery:discover_packages(ignore) check parameters
[0.168s] Level 1:colcon.colcon_core.package_discovery:discover_packages(path) check parameters
[0.168s] Level 1:colcon.colcon_core.package_discovery:discover_packages(colcon_meta) discover
[0.168s] Level 1:colcon.colcon_core.package_discovery:discover_packages(recursive) discover
[0.168s] INFO:colcon.colcon_core.package_discovery:Crawling recursively for packages in '/home/wuhao/town_ws'
[0.168s] Level 1:colcon.colcon_core.package_identification:_identify(.) by extensions ['ignore', 'ignore_ament_install']
[0.168s] Level 1:colcon.colcon_core.package_identification:_identify(.) by extension 'ignore'
[0.168s] Level 1:colcon.colcon_core.package_identification:_identify(.) by extension 'ignore_ament_install'
[0.168s] Level 1:colcon.colcon_core.package_identification:_identify(.) by extensions ['colcon_pkg']
[0.168s] Level 1:colcon.colcon_core.package_identification:_identify(.) by extension 'colcon_pkg'
[0.169s] Level 1:colcon.colcon_core.package_identification:_identify(.) by extensions ['colcon_meta']
[0.169s] Level 1:colcon.colcon_core.package_identification:_identify(.) by extension 'colcon_meta'
[0.169s] Level 1:colcon.colcon_core.package_identification:_identify(.) by extensions ['ros']
[0.169s] Level 1:colcon.colcon_core.package_identification:_identify(.) by extension 'ros'
[0.177s] Level 1:colcon.colcon_core.package_identification:_identify(.) by extensions ['cmake', 'python']
[0.177s] Level 1:colcon.colcon_core.package_identification:_identify(.) by extension 'cmake'
[0.177s] Level 1:colcon.colcon_core.package_identification:_identify(.) by extension 'python'
[0.177s] Level 1:colcon.colcon_core.package_identification:_identify(.) by extensions ['python_setup_py']
[0.177s] Level 1:colcon.colcon_core.package_identification:_identify(.) by extension 'python_setup_py'
[0.177s] Level 1:colcon.colcon_core.package_identification:_identify(build) by extensions ['ignore', 'ignore_ament_install']
[0.177s] Level 1:colcon.colcon_core.package_identification:_identify(build) by extension 'ignore'
[0.178s] Level 1:colcon.colcon_core.package_identification:_identify(build) ignored
[0.178s] Level 1:colcon.colcon_core.package_identification:_identify(install) by extensions ['ignore', 'ignore_ament_install']
[0.178s] Level 1:colcon.colcon_core.package_identification:_identify(install) by extension 'ignore'
[0.178s] Level 1:colcon.colcon_core.package_identification:_identify(install) ignored
[0.178s] Level 1:colcon.colcon_core.package_identification:_identify(log) by extensions ['ignore', 'ignore_ament_install']
[0.178s] Level 1:colcon.colcon_core.package_identification:_identify(log) by extension 'ignore'
[0.178s] Level 1:colcon.colcon_core.package_identification:_identify(log) ignored
[0.178s] Level 1:colcon.colcon_core.package_identification:_identify(src) by extensions ['ignore', 'ignore_ament_install']
[0.178s] Level 1:colcon.colcon_core.package_identification:_identify(src) by extension 'ignore'
[0.178s] Level 1:colcon.colcon_core.package_identification:_identify(src) by extension 'ignore_ament_install'
[0.178s] Level 1:colcon.colcon_core.package_identification:_identify(src) by extensions ['colcon_pkg']
[0.178s] Level 1:colcon.colcon_core.package_identification:_identify(src) by extension 'colcon_pkg'
[0.178s] Level 1:colcon.colcon_core.package_identification:_identify(src) by extensions ['colcon_meta']
[0.178s] Level 1:colcon.colcon_core.package_identification:_identify(src) by extension 'colcon_meta'
[0.178s] Level 1:colcon.colcon_core.package_identification:_identify(src) by extensions ['ros']
[0.178s] Level 1:colcon.colcon_core.package_identification:_identify(src) by extension 'ros'
[0.178s] Level 1:colcon.colcon_core.package_identification:_identify(src) by extensions ['cmake', 'python']
[0.178s] Level 1:colcon.colcon_core.package_identification:_identify(src) by extension 'cmake'
[0.179s] Level 1:colcon.colcon_core.package_identification:_identify(src) by extension 'python'
[0.179s] Level 1:colcon.colcon_core.package_identification:_identify(src) by extensions ['python_setup_py']
[0.179s] Level 1:colcon.colcon_core.package_identification:_identify(src) by extension 'python_setup_py'
[0.179s] Level 1:colcon.colcon_core.package_identification:_identify(src/li4) by extensions ['ignore', 'ignore_ament_install']
[0.179s] Level 1:colcon.colcon_core.package_identification:_identify(src/li4) by extension 'ignore'
[0.179s] Level 1:colcon.colcon_core.package_identification:_identify(src/li4) by extension 'ignore_ament_install'
[0.179s] Level 1:colcon.colcon_core.package_identification:_identify(src/li4) by extensions ['colcon_pkg']
[0.179s] Level 1:colcon.colcon_core.package_identification:_identify(src/li4) by extension 'colcon_pkg'
[0.179s] Level 1:colcon.colcon_core.package_identification:_identify(src/li4) by extensions ['colcon_meta']
[0.179s] Level 1:colcon.colcon_core.package_identification:_identify(src/li4) by extension 'colcon_meta'
[0.179s] Level 1:colcon.colcon_core.package_identification:_identify(src/li4) by extensions ['ros']
[0.179s] Level 1:colcon.colcon_core.package_identification:_identify(src/li4) by extension 'ros'
[0.181s] DEBUG:colcon.colcon_core.package_identification:Package 'src/li4' with type 'ros.ament_python' and name 'li4'
[0.181s] Level 1:colcon.colcon_core.package_identification:_identify(src/wu5) by extensions ['ignore', 'ignore_ament_install']
[0.181s] Level 1:colcon.colcon_core.package_identification:_identify(src/wu5) by extension 'ignore'
[0.181s] Level 1:colcon.colcon_core.package_identification:_identify(src/wu5) by extension 'ignore_ament_install'
[0.182s] Level 1:colcon.colcon_core.package_identification:_identify(src/wu5) by extensions ['colcon_pkg']
[0.182s] Level 1:colcon.colcon_core.package_identification:_identify(src/wu5) by extension 'colcon_pkg'
[0.182s] Level 1:colcon.colcon_core.package_identification:_identify(src/wu5) by extensions ['colcon_meta']
[0.182s] Level 1:colcon.colcon_core.package_identification:_identify(src/wu5) by extension 'colcon_meta'
[0.182s] Level 1:colcon.colcon_core.package_identification:_identify(src/wu5) by extensions ['ros']
[0.182s] Level 1:colcon.colcon_core.package_identification:_identify(src/wu5) by extension 'ros'
[0.182s] DEBUG:colcon.colcon_core.package_identification:Package 'src/wu5' with type 'ros.ament_cmake' and name 'wu5'
[0.182s] Level 1:colcon.colcon_core.package_discovery:discover_packages(recursive) using defaults
[0.182s] Level 1:colcon.colcon_core.package_discovery:discover_packages(ignore) discover
[0.182s] Level 1:colcon.colcon_core.package_discovery:discover_packages(ignore) using defaults
[0.182s] Level 1:colcon.colcon_core.package_discovery:discover_packages(path) discover
[0.182s] Level 1:colcon.colcon_core.package_discovery:discover_packages(path) using defaults
[0.203s] Level 1:colcon.colcon_core.package_discovery:discover_packages(prefix_path) check parameters
[0.203s] Level 1:colcon.colcon_core.package_discovery:discover_packages(prefix_path) discover
[0.206s] DEBUG:colcon.colcon_installed_package_information.package_discovery:Found 263 installed packages in /opt/ros/foxy
[0.207s] Level 1:colcon.colcon_core.package_discovery:discover_packages(prefix_path) using defaults
[0.259s] Level 5:colcon.colcon_core.verb:set package 'li4' build argument 'cmake_args' from command line to 'None'
[0.259s] Level 5:colcon.colcon_core.verb:set package 'li4' build argument 'cmake_target' from command line to 'None'
[0.259s] Level 5:colcon.colcon_core.verb:set package 'li4' build argument 'cmake_target_skip_unavailable' from command line to 'False'
[0.259s] Level 5:colcon.colcon_core.verb:set package 'li4' build argument 'cmake_clean_cache' from command line to 'False'
[0.259s] Level 5:colcon.colcon_core.verb:set package 'li4' build argument 'cmake_clean_first' from command line to 'False'
[0.259s] Level 5:colcon.colcon_core.verb:set package 'li4' build argument 'cmake_force_configure' from command line to 'False'
[0.259s] Level 5:colcon.colcon_core.verb:set package 'li4' build argument 'ament_cmake_args' from command line to 'None'
[0.259s] Level 5:colcon.colcon_core.verb:set package 'li4' build argument 'catkin_cmake_args' from command line to 'None'
[0.260s] Level 5:colcon.colcon_core.verb:set package 'li4' build argument 'catkin_skip_building_tests' from command line to 'False'
[0.260s] DEBUG:colcon.colcon_core.verb:Building package 'li4' with the following arguments: {'ament_cmake_args': None, 'build_base': '/home/wuhao/town_ws/build/li4', 'catkin_cmake_args': None, 'catkin_skip_building_tests': False, 'cmake_args': None, 'cmake_clean_cache': False, 'cmake_clean_first': False, 'cmake_force_configure': False, 'cmake_target': None, 'cmake_target_skip_unavailable': False, 'install_base': '/home/wuhao/town_ws/install/li4', 'merge_install': False, 'path': '/home/wuhao/town_ws/src/li4', 'symlink_install': False, 'test_result_base': None}
[0.260s] Level 5:colcon.colcon_core.verb:set package 'wu5' build argument 'cmake_args' from command line to 'None'
[0.260s] Level 5:colcon.colcon_core.verb:set package 'wu5' build argument 'cmake_target' from command line to 'None'
[0.260s] Level 5:colcon.colcon_core.verb:set package 'wu5' build argument 'cmake_target_skip_unavailable' from command line to 'False'
[0.260s] Level 5:colcon.colcon_core.verb:set package 'wu5' build argument 'cmake_clean_cache' from command line to 'False'
[0.260s] Level 5:colcon.colcon_core.verb:set package 'wu5' build argument 'cmake_clean_first' from command line to 'False'
[0.260s] Level 5:colcon.colcon_core.verb:set package 'wu5' build argument 'cmake_force_configure' from command line to 'False'
[0.260s] Level 5:colcon.colcon_core.verb:set package 'wu5' build argument 'ament_cmake_args' from command line to 'None'
[0.260s] Level 5:colcon.colcon_core.verb:set package 'wu5' build argument 'catkin_cmake_args' from command line to 'None'
[0.260s] Level 5:colcon.colcon_core.verb:set package 'wu5' build argument 'catkin_skip_building_tests' from command line to 'False'
[0.260s] DEBUG:colcon.colcon_core.verb:Building package 'wu5' with the following arguments: {'ament_cmake_args': None, 'build_base': '/home/wuhao/town_ws/build/wu5', 'catkin_cmake_args': None, 'catkin_skip_building_tests': False, 'cmake_args': None, 'cmake_clean_cache': False, 'cmake_clean_first': False, 'cmake_force_configure': False, 'cmake_target': None, 'cmake_target_skip_unavailable': False, 'install_base': '/home/wuhao/town_ws/install/wu5', 'merge_install': False, 'path': '/home/wuhao/town_ws/src/wu5', 'symlink_install': False, 'test_result_base': None}
[0.261s] INFO:colcon.colcon_core.executor:Executing jobs using 'parallel' executor
[0.263s] DEBUG:colcon.colcon_parallel_executor.executor.parallel:run_until_complete
[0.264s] INFO:colcon.colcon_ros.task.ament_python.build:Building ROS package in '/home/wuhao/town_ws/src/li4' with build type 'ament_python'
[0.264s] Level 1:colcon.colcon_core.shell:create_environment_hook('li4', 'ament_prefix_path')
[0.268s] INFO:colcon.colcon_core.plugin_system:Skipping extension 'colcon_core.shell.bat': Not used on non-Windows systems
[0.269s] INFO:colcon.colcon_core.shell:Creating environment hook '/home/wuhao/town_ws/install/li4/share/li4/hook/ament_prefix_path.ps1'
[0.269s] INFO:colcon.colcon_core.shell:Creating environment descriptor '/home/wuhao/town_ws/install/li4/share/li4/hook/ament_prefix_path.dsv'
[0.270s] INFO:colcon.colcon_core.shell:Creating environment hook '/home/wuhao/town_ws/install/li4/share/li4/hook/ament_prefix_path.sh'
[0.271s] INFO:colcon.colcon_core.shell:Skip shell extension 'powershell' for command environment: Not usable outside of PowerShell
[0.271s] DEBUG:colcon.colcon_core.shell:Skip shell extension 'dsv' for command environment
[0.274s] INFO:colcon.colcon_ros.task.ament_cmake.build:Building ROS package in '/home/wuhao/town_ws/src/wu5' with build type 'ament_cmake'
[0.274s] INFO:colcon.colcon_cmake.task.cmake.build:Building CMake package in '/home/wuhao/town_ws/src/wu5'
[0.275s] INFO:colcon.colcon_core.shell:Skip shell extension 'powershell' for command environment: Not usable outside of PowerShell
[0.276s] DEBUG:colcon.colcon_core.shell:Skip shell extension 'dsv' for command environment
[0.400s] INFO:colcon.colcon_core.task.python.build:Building Python package in '/home/wuhao/town_ws/src/li4'
[0.401s] INFO:colcon.colcon_core.shell:Skip shell extension 'powershell' for command environment: Not usable outside of PowerShell
[0.401s] DEBUG:colcon.colcon_core.shell:Skip shell extension 'dsv' for command environment
[0.408s] DEBUG:colcon.colcon_core.event_handler.log_command:Invoking command in '/home/wuhao/town_ws/build/wu5': CMAKE_PREFIX_PATH=/opt/ros/foxy /usr/bin/cmake --build /home/wuhao/town_ws/build/wu5 -- -j16 -l16
[0.662s] DEBUG:colcon.colcon_core.event_handler.log_command:Invoking command in '/home/wuhao/town_ws/src/li4': PYTHONPATH=/home/wuhao/town_ws/install/li4/lib/python3.8/site-packages:${PYTHONPATH} /usr/bin/python3 setup.py egg_info --egg-base ../../build/li4 build --build-base /home/wuhao/town_ws/build/li4/build install --prefix /home/wuhao/town_ws/install/li4 --record /home/wuhao/town_ws/build/li4/install.log --single-version-externally-managed
[0.841s] DEBUG:colcon.colcon_core.event_handler.log_command:Invoked command in '/home/wuhao/town_ws/src/li4' returned '0': PYTHONPATH=/home/wuhao/town_ws/install/li4/lib/python3.8/site-packages:${PYTHONPATH} /usr/bin/python3 setup.py egg_info --egg-base ../../build/li4 build --build-base /home/wuhao/town_ws/build/li4/build install --prefix /home/wuhao/town_ws/install/li4 --record /home/wuhao/town_ws/build/li4/install.log --single-version-externally-managed
[0.846s] Level 1:colcon.colcon_core.environment:checking '/home/wuhao/town_ws/install/li4' for CMake module files
[0.846s] Level 1:colcon.colcon_core.environment:checking '/home/wuhao/town_ws/install/li4' for CMake config files
[0.847s] Level 1:colcon.colcon_core.environment:checking '/home/wuhao/town_ws/install/li4/lib'
[0.847s] Level 1:colcon.colcon_core.environment:checking '/home/wuhao/town_ws/install/li4/bin'
[0.847s] Level 1:colcon.colcon_core.environment:checking '/home/wuhao/town_ws/install/li4/lib/pkgconfig/li4.pc'
[0.847s] Level 1:colcon.colcon_core.environment:checking '/home/wuhao/town_ws/install/li4/lib/python3.8/site-packages'
[0.847s] Level 1:colcon.colcon_core.shell:create_environment_hook('li4', 'pythonpath')
[0.848s] INFO:colcon.colcon_core.shell:Creating environment hook '/home/wuhao/town_ws/install/li4/share/li4/hook/pythonpath.ps1'
[0.848s] INFO:colcon.colcon_core.shell:Creating environment descriptor '/home/wuhao/town_ws/install/li4/share/li4/hook/pythonpath.dsv'
[0.849s] INFO:colcon.colcon_core.shell:Creating environment hook '/home/wuhao/town_ws/install/li4/share/li4/hook/pythonpath.sh'
[0.849s] Level 1:colcon.colcon_core.environment:checking '/home/wuhao/town_ws/install/li4/bin'
[0.849s] Level 1:colcon.colcon_core.environment:create_environment_scripts_only(li4)
[0.850s] INFO:colcon.colcon_core.shell:Creating package script '/home/wuhao/town_ws/install/li4/share/li4/package.ps1'
[0.851s] INFO:colcon.colcon_core.shell:Creating package descriptor '/home/wuhao/town_ws/install/li4/share/li4/package.dsv'
[0.851s] INFO:colcon.colcon_core.shell:Creating package script '/home/wuhao/town_ws/install/li4/share/li4/package.sh'
[0.852s] INFO:colcon.colcon_core.shell:Creating package script '/home/wuhao/town_ws/install/li4/share/li4/package.bash'
[0.853s] INFO:colcon.colcon_core.shell:Creating package script '/home/wuhao/town_ws/install/li4/share/li4/package.zsh'
[0.853s] Level 1:colcon.colcon_core.environment:create_file_with_runtime_dependencies(/home/wuhao/town_ws/install/li4/share/colcon-core/packages/li4)
[1.759s] DEBUG:colcon.colcon_core.event_handler.log_command:Invoked command in '/home/wuhao/town_ws/build/wu5' returned '0': CMAKE_PREFIX_PATH=/opt/ros/foxy /usr/bin/cmake --build /home/wuhao/town_ws/build/wu5 -- -j16 -l16
[1.775s] DEBUG:colcon.colcon_core.event_handler.log_command:Invoking command in '/home/wuhao/town_ws/build/wu5': CMAKE_PREFIX_PATH=/opt/ros/foxy /usr/bin/cmake --install /home/wuhao/town_ws/build/wu5
[1.781s] Level 1:colcon.colcon_core.environment:create_environment_scripts_only(wu5)
[1.782s] Level 1:colcon.colcon_core.environment:checking '/home/wuhao/town_ws/install/wu5' for CMake module files
[1.783s] DEBUG:colcon.colcon_core.event_handler.log_command:Invoked command in '/home/wuhao/town_ws/build/wu5' returned '0': CMAKE_PREFIX_PATH=/opt/ros/foxy /usr/bin/cmake --install /home/wuhao/town_ws/build/wu5
[1.783s] Level 1:colcon.colcon_core.environment:checking '/home/wuhao/town_ws/install/wu5' for CMake config files
[1.783s] Level 1:colcon.colcon_core.shell:create_environment_hook('wu5', 'cmake_prefix_path')
[1.784s] INFO:colcon.colcon_core.shell:Creating environment hook '/home/wuhao/town_ws/install/wu5/share/wu5/hook/cmake_prefix_path.ps1'
[1.785s] INFO:colcon.colcon_core.shell:Creating environment descriptor '/home/wuhao/town_ws/install/wu5/share/wu5/hook/cmake_prefix_path.dsv'
[1.785s] INFO:colcon.colcon_core.shell:Creating environment hook '/home/wuhao/town_ws/install/wu5/share/wu5/hook/cmake_prefix_path.sh'
[1.785s] Level 1:colcon.colcon_core.environment:checking '/home/wuhao/town_ws/install/wu5/lib'
[1.785s] Level 1:colcon.colcon_core.environment:checking '/home/wuhao/town_ws/install/wu5/bin'
[1.785s] Level 1:colcon.colcon_core.environment:checking '/home/wuhao/town_ws/install/wu5/lib/pkgconfig/wu5.pc'
[1.786s] Level 1:colcon.colcon_core.environment:checking '/home/wuhao/town_ws/install/wu5/lib/python3.8/site-packages'
[1.786s] Level 1:colcon.colcon_core.environment:checking '/home/wuhao/town_ws/install/wu5/bin'
[1.786s] INFO:colcon.colcon_core.shell:Creating package script '/home/wuhao/town_ws/install/wu5/share/wu5/package.ps1'
[1.787s] INFO:colcon.colcon_core.shell:Creating package descriptor '/home/wuhao/town_ws/install/wu5/share/wu5/package.dsv'
[1.787s] INFO:colcon.colcon_core.shell:Creating package script '/home/wuhao/town_ws/install/wu5/share/wu5/package.sh'
[1.787s] INFO:colcon.colcon_core.shell:Creating package script '/home/wuhao/town_ws/install/wu5/share/wu5/package.bash'
[1.788s] INFO:colcon.colcon_core.shell:Creating package script '/home/wuhao/town_ws/install/wu5/share/wu5/package.zsh'
[1.788s] Level 1:colcon.colcon_core.environment:create_file_with_runtime_dependencies(/home/wuhao/town_ws/install/wu5/share/colcon-core/packages/wu5)
[1.800s] Level 1:colcon.colcon_core.environment:create_environment_scripts_only(wu5)
[1.801s] Level 1:colcon.colcon_core.environment:checking '/home/wuhao/town_ws/install/wu5' for CMake module files
[1.801s] Level 1:colcon.colcon_core.environment:checking '/home/wuhao/town_ws/install/wu5' for CMake config files
[1.801s] Level 1:colcon.colcon_core.shell:create_environment_hook('wu5', 'cmake_prefix_path')
[1.802s] INFO:colcon.colcon_core.shell:Creating environment hook '/home/wuhao/town_ws/install/wu5/share/wu5/hook/cmake_prefix_path.ps1'
[1.802s] INFO:colcon.colcon_core.shell:Creating environment descriptor '/home/wuhao/town_ws/install/wu5/share/wu5/hook/cmake_prefix_path.dsv'
[1.802s] INFO:colcon.colcon_core.shell:Creating environment hook '/home/wuhao/town_ws/install/wu5/share/wu5/hook/cmake_prefix_path.sh'
[1.803s] Level 1:colcon.colcon_core.environment:checking '/home/wuhao/town_ws/install/wu5/lib'
[1.803s] Level 1:colcon.colcon_core.environment:checking '/home/wuhao/town_ws/install/wu5/bin'
[1.803s] Level 1:colcon.colcon_core.environment:checking '/home/wuhao/town_ws/install/wu5/lib/pkgconfig/wu5.pc'
[1.803s] Level 1:colcon.colcon_core.environment:checking '/home/wuhao/town_ws/install/wu5/lib/python3.8/site-packages'
[1.803s] Level 1:colcon.colcon_core.environment:checking '/home/wuhao/town_ws/install/wu5/bin'
[1.804s] INFO:colcon.colcon_core.shell:Creating package script '/home/wuhao/town_ws/install/wu5/share/wu5/package.ps1'
[1.804s] INFO:colcon.colcon_core.shell:Creating package descriptor '/home/wuhao/town_ws/install/wu5/share/wu5/package.dsv'
[1.805s] INFO:colcon.colcon_core.shell:Creating package script '/home/wuhao/town_ws/install/wu5/share/wu5/package.sh'
[1.805s] INFO:colcon.colcon_core.shell:Creating package script '/home/wuhao/town_ws/install/wu5/share/wu5/package.bash'
[1.805s] INFO:colcon.colcon_core.shell:Creating package script '/home/wuhao/town_ws/install/wu5/share/wu5/package.zsh'
[1.805s] Level 1:colcon.colcon_core.environment:create_file_with_runtime_dependencies(/home/wuhao/town_ws/install/wu5/share/colcon-core/packages/wu5)
[1.806s] DEBUG:colcon.colcon_parallel_executor.executor.parallel:closing loop
[1.806s] DEBUG:colcon.colcon_parallel_executor.executor.parallel:loop closed
[1.806s] DEBUG:colcon.colcon_parallel_executor.executor.parallel:run_until_complete finished with '0'
[1.806s] DEBUG:colcon.colcon_core.event_reactor:joining thread
[1.833s] INFO:colcon.colcon_core.plugin_system:Skipping extension 'colcon_notification.desktop_notification.notify_send': Could not find 'notify-send'
[1.833s] INFO:colcon.colcon_core.plugin_system:Skipping extension 'colcon_notification.desktop_notification.terminal_notifier': Not used on non-Darwin systems
[1.833s] INFO:colcon.colcon_core.plugin_system:Skipping extension 'colcon_notification.desktop_notification.win32': Not used on non-Windows systems
[1.833s] INFO:colcon.colcon_notification.desktop_notification:Sending desktop notification using 'notify2'
[6.149s] DEBUG:colcon.colcon_notification.desktop_notification.notify2:Failed to initialize notify2: org.freedesktop.DBus.Error.Spawn.ExecFailed: /usr/bin/dbus-launch terminated abnormally without any error message
