[0.398s] Invoking command in '/home/wuhao/town_ws/src/li4': PYTHONPATH=/home/wuhao/town_ws/install/li4/lib/python3.8/site-packages:${PYTHONPATH} /usr/bin/python3 setup.py egg_info --egg-base ../../build/li4 build --build-base /home/wuhao/town_ws/build/li4/build install --prefix /home/wuhao/town_ws/install/li4 --record /home/wuhao/town_ws/build/li4/install.log --single-version-externally-managed
[0.517s] running egg_info
[0.517s] writing ../../build/li4/li4.egg-info/PKG-INFO
[0.517s] writing dependency_links to ../../build/li4/li4.egg-info/dependency_links.txt
[0.518s] writing entry points to ../../build/li4/li4.egg-info/entry_points.txt
[0.518s] writing requirements to ../../build/li4/li4.egg-info/requires.txt
[0.518s] writing top-level names to ../../build/li4/li4.egg-info/top_level.txt
[0.544s] reading manifest file '../../build/li4/li4.egg-info/SOURCES.txt'
[0.544s] writing manifest file '../../build/li4/li4.egg-info/SOURCES.txt'
[0.545s] running build
[0.545s] running build_py
[0.545s] running install
[0.546s] running install_lib
[0.547s] running install_data
[0.548s] running install_egg_info
[0.549s] removing '/home/wuhao/town_ws/install/li4/lib/python3.8/site-packages/li4-0.0.0-py3.8.egg-info' (and everything under it)
[0.550s] Copying ../../build/li4/li4.egg-info to /home/wuhao/town_ws/install/li4/lib/python3.8/site-packages/li4-0.0.0-py3.8.egg-info
[0.551s] running install_scripts
[0.563s] Installing li5 script to /home/wuhao/town_ws/install/li4/lib/li4
[0.564s] writing list of installed files to '/home/wuhao/town_ws/build/li4/install.log'
[0.577s] Invoked command in '/home/wuhao/town_ws/src/li4' returned '0': PYTHONPATH=/home/wuhao/town_ws/install/li4/lib/python3.8/site-packages:${PYTHONPATH} /usr/bin/python3 setup.py egg_info --egg-base ../../build/li4 build --build-base /home/wuhao/town_ws/build/li4/build install --prefix /home/wuhao/town_ws/install/li4 --record /home/wuhao/town_ws/build/li4/install.log --single-version-externally-managed
