running egg_info
creating ../../build/li4/li4.egg-info
writing ../../build/li4/li4.egg-info/PKG-INFO
writing dependency_links to ../../build/li4/li4.egg-info/dependency_links.txt
writing entry points to ../../build/li4/li4.egg-info/entry_points.txt
writing requirements to ../../build/li4/li4.egg-info/requires.txt
writing top-level names to ../../build/li4/li4.egg-info/top_level.txt
writing manifest file '../../build/li4/li4.egg-info/SOURCES.txt'
reading manifest file '../../build/li4/li4.egg-info/SOURCES.txt'
writing manifest file '../../build/li4/li4.egg-info/SOURCES.txt'
running build
running build_py
creating /home/wuhao/town_ws/build/li4/build
creating /home/wuhao/town_ws/build/li4/build/lib
creating /home/wuhao/town_ws/build/li4/build/lib/li4
copying li4/li4.py -> /home/wuhao/town_ws/build/li4/build/lib/li4
copying li4/__init__.py -> /home/wuhao/town_ws/build/li4/build/lib/li4
running install
running install_lib
creating /home/wuhao/town_ws/install/li4/lib/python3.8/site-packages/li4
copying /home/wuhao/town_ws/build/li4/build/lib/li4/li4.py -> /home/wuhao/town_ws/install/li4/lib/python3.8/site-packages/li4
copying /home/wuhao/town_ws/build/li4/build/lib/li4/__init__.py -> /home/wuhao/town_ws/install/li4/lib/python3.8/site-packages/li4
byte-compiling /home/wuhao/town_ws/install/li4/lib/python3.8/site-packages/li4/li4.py to li4.cpython-38.pyc
byte-compiling /home/wuhao/town_ws/install/li4/lib/python3.8/site-packages/li4/__init__.py to __init__.cpython-38.pyc
running install_data
creating /home/wuhao/town_ws/install/li4/share/ament_index
creating /home/wuhao/town_ws/install/li4/share/ament_index/resource_index
creating /home/wuhao/town_ws/install/li4/share/ament_index/resource_index/packages
copying resource/li4 -> /home/wuhao/town_ws/install/li4/share/ament_index/resource_index/packages
copying package.xml -> /home/wuhao/town_ws/install/li4/share/li4
running install_egg_info
Copying ../../build/li4/li4.egg-info to /home/wuhao/town_ws/install/li4/lib/python3.8/site-packages/li4-0.0.0-py3.8.egg-info
running install_scripts
writing list of installed files to '/home/wuhao/town_ws/build/li4/install.log'
